<?xml version="1.0" encoding="UTF-8"?>
<!-- Generated by org.testng.reporters.JUnitXMLReporter -->
<testsuite hostname="DESKTOP-VQJ3RG5" name="Regression" tests="2" failures="0" timestamp="29 Oct 2018 04:37:18 GMT" time="0.108" errors="0">
  <testcase name="@BeforeTest createConnection" time="0.0" classname="com.catchexceptions.seleniumpom.HandlingPopUps.HandlingPopUps">
    <failure type="java.lang.NoClassDefFoundError" message="org/openqa/selenium/io/CircularOutputStream">
      <![CDATA[java.lang.NoClassDefFoundError: org/openqa/selenium/io/CircularOutputStream
	at org.openqa.selenium.firefox.FirefoxBinary.<init>(FirefoxBinary.java:60)
	at org.openqa.selenium.firefox.FirefoxBinary.<init>(FirefoxBinary.java:56)
	at org.openqa.selenium.firefox.FirefoxDriver.<init>(FirefoxDriver.java:120)
	at com.catchexceptions.seleniumpom.HandlingPopUps.HandlingPopUps.createConnection(HandlingPopUps.java:25)
Caused by: java.lang.ClassNotFoundException: org.openqa.selenium.io.CircularOutputStream
	at java.net.URLClassLoader.findClass(URLClassLoader.java:381)
	at java.lang.ClassLoader.loadClass(ClassLoader.java:424)
	at sun.misc.Launcher$AppClassLoader.loadClass(Launcher.java:349)
	at java.lang.ClassLoader.loadClass(ClassLoader.java:357)
	... 26 more
... Removed 22 stack frames]]>
    </failure>
  </testcase> <!-- @BeforeTest createConnection -->
  <testcase name="RedirectToURL" time="0.004" classname="com.catchexceptions.seleniumpom.HandlingPopUps.HandlingPopUps">
    <skipped/>
  </testcase> <!-- RedirectToURL -->
  <testcase name="DeleteCustomer" time="0.003" classname="com.catchexceptions.seleniumpom.HandlingPopUps.HandlingPopUps">
    <skipped/>
  </testcase> <!-- DeleteCustomer -->
</testsuite> <!-- Regression -->
