<?xml version="1.0" encoding="UTF-8"?>
<!-- Generated by org.testng.reporters.JUnitXMLReporter -->
<testsuite hostname="DESKTOP-VQJ3RG5" name="Regression" tests="8" failures="0" timestamp="13 Sep 2018 01:16:45 GMT" time="0.038" errors="0">
  <testcase name="method2" time="0.007" classname="com.catchexceptions.seleniumpom.testcases.DependsOnExample"/>
  <testcase name="verifyData1" time="0.0" classname="com.catchexceptions.seleniumpom.testcases.DataProviderExample"/>
  <testcase name="verifyData1" time="0.0" classname="com.catchexceptions.seleniumpom.testcases.DataProviderExample"/>
  <testcase name="verifyData1" time="0.0" classname="com.catchexceptions.seleniumpom.testcases.DataProviderExample"/>
  <testcase name="method1" time="0.003" classname="com.catchexceptions.seleniumpom.testcases.DependsOnExample"/>
  <testcase name="softAssert" time="0.004" classname="com.catchexceptions.seleniumpom.testcases.SoftAssertionExample"/>
  <testcase name="parameterizedTest" time="0.0" classname="com.catchexceptions.seleniumpom.testcases.SoftAssertionExample"/>
  <testcase name="hardAssert" time="0.0" classname="com.catchexceptions.seleniumpom.testcases.SoftAssertionExample"/>
</testsuite> <!-- Regression -->
