<?xml version="1.0" encoding="UTF-8"?>
<testng-results skipped="0" failed="0" total="8" passed="8">
  <reporter-output>
  </reporter-output>
  <suite name="Suite" duration-ms="38" started-at="2018-09-13T01:16:43Z" finished-at="2018-09-13T01:16:43Z">
    <groups>
    </groups>
    <test name="Regression" duration-ms="38" started-at="2018-09-13T01:16:43Z" finished-at="2018-09-13T01:16:43Z">
      <class name="com.catchexceptions.seleniumpom.testcases.SoftAssertionExample">
        <test-method status="PASS" signature="softAssert()[pri:0, instance:com.catchexceptions.seleniumpom.testcases.SoftAssertionExample@1bce4f0a]" name="softAssert" duration-ms="4" started-at="2018-09-12T21:16:43Z" finished-at="2018-09-12T21:16:43Z">
          <reporter-output>
          </reporter-output>
        </test-method> <!-- softAssert -->
        <test-method status="PASS" signature="parameterizedTest(java.lang.String)[pri:0, instance:com.catchexceptions.seleniumpom.testcases.SoftAssertionExample@1bce4f0a]" name="parameterizedTest" duration-ms="0" started-at="2018-09-12T21:16:43Z" finished-at="2018-09-12T21:16:43Z">
          <params>
            <param index="0">
              <value>
                <![CDATA[chrome]]>
              </value>
            </param>
          </params>
          <reporter-output>
          </reporter-output>
        </test-method> <!-- parameterizedTest -->
        <test-method status="PASS" signature="hardAssert()[pri:0, instance:com.catchexceptions.seleniumpom.testcases.SoftAssertionExample@1bce4f0a]" name="hardAssert" duration-ms="0" started-at="2018-09-12T21:16:43Z" finished-at="2018-09-12T21:16:43Z">
          <reporter-output>
          </reporter-output>
        </test-method> <!-- hardAssert -->
      </class> <!-- com.catchexceptions.seleniumpom.testcases.SoftAssertionExample -->
      <class name="com.catchexceptions.seleniumpom.testcases.DataProviderExample">
        <test-method status="PASS" signature="verifyData1(java.lang.String, java.lang.Integer)[pri:0, instance:com.catchexceptions.seleniumpom.testcases.DataProviderExample@53b32d7]" name="verifyData1" duration-ms="0" started-at="2018-09-12T21:16:43Z" data-provider="test1" finished-at="2018-09-12T21:16:43Z">
          <params>
            <param index="0">
              <value>
                <![CDATA[Cedric]]>
              </value>
            </param>
            <param index="1">
              <value>
                <![CDATA[36]]>
              </value>
            </param>
          </params>
          <reporter-output>
          </reporter-output>
        </test-method> <!-- verifyData1 -->
        <test-method status="PASS" signature="verifyData1(java.lang.String, java.lang.Integer)[pri:0, instance:com.catchexceptions.seleniumpom.testcases.DataProviderExample@53b32d7]" name="verifyData1" duration-ms="0" started-at="2018-09-12T21:16:43Z" data-provider="test1" finished-at="2018-09-12T21:16:43Z">
          <params>
            <param index="0">
              <value>
                <![CDATA[Sharron]]>
              </value>
            </param>
            <param index="1">
              <value>
                <![CDATA[100]]>
              </value>
            </param>
          </params>
          <reporter-output>
          </reporter-output>
        </test-method> <!-- verifyData1 -->
        <test-method status="PASS" signature="verifyData1(java.lang.String, java.lang.Integer)[pri:0, instance:com.catchexceptions.seleniumpom.testcases.DataProviderExample@53b32d7]" name="verifyData1" duration-ms="0" started-at="2018-09-12T21:16:43Z" data-provider="test1" finished-at="2018-09-12T21:16:43Z">
          <params>
            <param index="0">
              <value>
                <![CDATA[Anne]]>
              </value>
            </param>
            <param index="1">
              <value>
                <![CDATA[37]]>
              </value>
            </param>
          </params>
          <reporter-output>
          </reporter-output>
        </test-method> <!-- verifyData1 -->
      </class> <!-- com.catchexceptions.seleniumpom.testcases.DataProviderExample -->
      <class name="com.catchexceptions.seleniumpom.testcases.DependsOnExample">
        <test-method status="PASS" signature="method2()[pri:0, instance:com.catchexceptions.seleniumpom.testcases.DependsOnExample@5442a311]" name="method2" duration-ms="7" started-at="2018-09-12T21:16:43Z" finished-at="2018-09-12T21:16:43Z">
          <reporter-output>
          </reporter-output>
        </test-method> <!-- method2 -->
        <test-method status="PASS" signature="method1()[pri:0, instance:com.catchexceptions.seleniumpom.testcases.DependsOnExample@5442a311]" name="method1" duration-ms="3" started-at="2018-09-12T21:16:43Z" depends-on-methods="com.catchexceptions.seleniumpom.testcases.DependsOnExample.method2" finished-at="2018-09-12T21:16:43Z">
          <reporter-output>
          </reporter-output>
        </test-method> <!-- method1 -->
      </class> <!-- com.catchexceptions.seleniumpom.testcases.DependsOnExample -->
    </test> <!-- Regression -->
  </suite> <!-- Suite -->
</testng-results>
