<?xml version="1.0" encoding="UTF-8"?>
<testsuite name="Regression"
           tests="3"
           failures="0"
           errors="0"
           skipped="0"
           time="0.024">
  <properties />
  
  
            <testcase name="softAssert" time="0.013" classname="com.catchexceptions.seleniumpom.testcases.SoftAssertionExample" />
                <testcase name="hardAssert" time="0.006" classname="com.catchexceptions.seleniumpom.testcases.SoftAssertionExample" />
                <testcase name="parameterizedTest" time="0.005" classname="com.catchexceptions.seleniumpom.testcases.SoftAssertionExample" />
      
</testsuite>
