<?xml version="1.0" encoding="UTF-8"?>
<testsuite name="Regression"
           tests="3"
           failures="0"
           errors="0"
           skipped="0"
           time="0.020">
  <properties />
  
  
            <testcase name="verifyData1" time="0.010" classname="com.catchexceptions.seleniumpom.testcases.DataProviderExample" />
                <testcase name="verifyData1" time="0.004" classname="com.catchexceptions.seleniumpom.testcases.DataProviderExample" />
                <testcase name="verifyData1" time="0.006" classname="com.catchexceptions.seleniumpom.testcases.DataProviderExample" />
      
</testsuite>
