<?xml version="1.0" encoding="UTF-8"?>
<testng-results skipped="2" failed="0" total="2" passed="0">
  <reporter-output>
  </reporter-output>
  <suite name="Suite" duration-ms="108" started-at="2018-10-29T04:37:18Z" finished-at="2018-10-29T04:37:18Z">
    <groups>
    </groups>
    <test name="Regression" duration-ms="108" started-at="2018-10-29T04:37:18Z" finished-at="2018-10-29T04:37:18Z">
      <class name="com.catchexceptions.seleniumpom.HandlingPopUps.HandlingPopUps">
        <test-method status="FAIL" signature="createConnection(java.lang.String)[pri:0, instance:com.catchexceptions.seleniumpom.HandlingPopUps.HandlingPopUps@18be83e4]" name="createConnection" is-config="true" duration-ms="0" started-at="2018-10-29T00:37:18Z" finished-at="2018-10-29T00:37:18Z">
          <params>
            <param index="0">
              <value>
                <![CDATA[firefox]]>
              </value>
            </param>
          </params>
          <exception class="java.lang.NoClassDefFoundError">
            <message>
              <![CDATA[org/openqa/selenium/io/CircularOutputStream]]>
            </message>
            <full-stacktrace>
              <![CDATA[java.lang.NoClassDefFoundError: org/openqa/selenium/io/CircularOutputStream
	at org.openqa.selenium.firefox.FirefoxBinary.<init>(FirefoxBinary.java:60)
	at org.openqa.selenium.firefox.FirefoxBinary.<init>(FirefoxBinary.java:56)
	at org.openqa.selenium.firefox.FirefoxDriver.<init>(FirefoxDriver.java:120)
	at com.catchexceptions.seleniumpom.HandlingPopUps.HandlingPopUps.createConnection(HandlingPopUps.java:25)
	at sun.reflect.NativeMethodAccessorImpl.invoke0(Native Method)
	at sun.reflect.NativeMethodAccessorImpl.invoke(NativeMethodAccessorImpl.java:62)
	at sun.reflect.DelegatingMethodAccessorImpl.invoke(DelegatingMethodAccessorImpl.java:43)
	at java.lang.reflect.Method.invoke(Method.java:498)
	at org.testng.internal.MethodInvocationHelper.invokeMethod(MethodInvocationHelper.java:80)
	at org.testng.internal.Invoker.invokeConfigurationMethod(Invoker.java:564)
	at org.testng.internal.Invoker.invokeConfigurations(Invoker.java:213)
	at org.testng.internal.Invoker.invokeConfigurations(Invoker.java:138)
	at org.testng.TestRunner.beforeRun(TestRunner.java:641)
	at org.testng.TestRunner.run(TestRunner.java:609)
	at org.testng.SuiteRunner.runTest(SuiteRunner.java:334)
	at org.testng.SuiteRunner.runSequentially(SuiteRunner.java:329)
	at org.testng.SuiteRunner.privateRun(SuiteRunner.java:291)
	at org.testng.SuiteRunner.run(SuiteRunner.java:240)
	at org.testng.SuiteRunnerWorker.runSuite(SuiteRunnerWorker.java:52)
	at org.testng.SuiteRunnerWorker.run(SuiteRunnerWorker.java:86)
	at org.testng.TestNG.runSuitesSequentially(TestNG.java:1198)
	at org.testng.TestNG.runSuitesLocally(TestNG.java:1123)
	at org.testng.TestNG.run(TestNG.java:1031)
	at org.testng.remote.AbstractRemoteTestNG.run(AbstractRemoteTestNG.java:114)
	at org.testng.remote.RemoteTestNG.initAndRun(RemoteTestNG.java:251)
	at org.testng.remote.RemoteTestNG.main(RemoteTestNG.java:77)
Caused by: java.lang.ClassNotFoundException: org.openqa.selenium.io.CircularOutputStream
	at java.net.URLClassLoader.findClass(URLClassLoader.java:381)
	at java.lang.ClassLoader.loadClass(ClassLoader.java:424)
	at sun.misc.Launcher$AppClassLoader.loadClass(Launcher.java:349)
	at java.lang.ClassLoader.loadClass(ClassLoader.java:357)
	... 26 more
]]>
            </full-stacktrace>
          </exception> <!-- java.lang.NoClassDefFoundError -->
          <reporter-output>
          </reporter-output>
        </test-method> <!-- createConnection -->
        <test-method status="SKIP" signature="RedirectToURL()[pri:0, instance:com.catchexceptions.seleniumpom.HandlingPopUps.HandlingPopUps@18be83e4]" name="RedirectToURL" duration-ms="4" started-at="2018-10-29T00:37:18Z" finished-at="2018-10-29T00:37:18Z">
          <reporter-output>
          </reporter-output>
        </test-method> <!-- RedirectToURL -->
        <test-method status="SKIP" signature="DeleteCustomer(int)[pri:0, instance:com.catchexceptions.seleniumpom.HandlingPopUps.HandlingPopUps@18be83e4]" name="DeleteCustomer" duration-ms="3" started-at="2018-10-29T00:37:18Z" finished-at="2018-10-29T00:37:18Z">
          <params>
            <param index="0">
              <value>
                <![CDATA[123]]>
              </value>
            </param>
          </params>
          <reporter-output>
          </reporter-output>
        </test-method> <!-- DeleteCustomer -->
      </class> <!-- com.catchexceptions.seleniumpom.HandlingPopUps.HandlingPopUps -->
    </test> <!-- Regression -->
  </suite> <!-- Suite -->
</testng-results>
