<?xml version="1.0" encoding="UTF-8"?>
<testng-results skipped="0" failed="0" total="2" passed="2">
  <reporter-output>
  </reporter-output>
  <suite name="Default suite" duration-ms="53" started-at="2018-09-09T19:35:06Z" finished-at="2018-09-09T19:35:06Z">
    <groups>
    </groups>
    <test name="Default test" duration-ms="53" started-at="2018-09-09T19:35:06Z" finished-at="2018-09-09T19:35:06Z">
      <class name="com.catchexceptions.seleniumpom.testcases.DependsOnExample">
        <test-method status="PASS" signature="method2()[pri:0, instance:com.catchexceptions.seleniumpom.testcases.DependsOnExample@4f933fd1]" name="method2" duration-ms="24" started-at="2018-09-09T15:35:06Z" finished-at="2018-09-09T15:35:06Z">
          <reporter-output>
          </reporter-output>
        </test-method> <!-- method2 -->
        <test-method status="PASS" signature="method1()[pri:0, instance:com.catchexceptions.seleniumpom.testcases.DependsOnExample@4f933fd1]" name="method1" duration-ms="4" started-at="2018-09-09T15:35:06Z" depends-on-methods="com.catchexceptions.seleniumpom.testcases.DependsOnExample.method2" finished-at="2018-09-09T15:35:06Z">
          <reporter-output>
          </reporter-output>
        </test-method> <!-- method1 -->
      </class> <!-- com.catchexceptions.seleniumpom.testcases.DependsOnExample -->
    </test> <!-- Default test -->
  </suite> <!-- Default suite -->
</testng-results>
